2020-06-29 23:00:08 root:INFO:配置文件读取完毕
2020-06-29 23:00:13 root:INFO:api测试正常
2020-06-29 23:00:13 root:INFO:账号: 15274621068  开始执行========================================
2020-06-29 23:00:18 root:ERROR:用户任务执行中断,请检查账号密码是否正确========================================
2020-06-29 23:01:24 root:INFO:配置文件读取完毕
2020-06-29 23:01:28 root:INFO:api测试正常
2020-06-29 23:01:28 root:INFO:账号: 15274621068  开始执行========================================
2020-06-29 23:01:33 root:INFO:登陆成功
2020-06-29 23:01:38 root:INFO:签到成功
2020-06-29 23:01:41 root:INFO:获取用户详情成功
2020-06-29 23:01:53 root:INFO:用户:Kaiyio  第1次打卡成功,即将休眠30秒
2020-06-29 23:02:35 root:INFO:用户:Kaiyio  第2次打卡成功,即将休眠30秒
2020-06-29 23:03:15 root:INFO:用户:Kaiyio  第3次打卡成功,即将休眠30秒
2020-06-29 23:03:46 root:INFO:用户:Kaiyio  Server酱推送失败,请检查sckey是否正确
2020-06-29 23:03:46 root:INFO:用户:Kaiyio  今日任务已完成========================================
2020-06-30 00:17:45 root:INFO:配置文件读取完毕
2020-06-30 00:17:50 root:INFO:api测试正常
2020-06-30 00:17:50 root:INFO:账号: 15274621068  开始执行========================================
2020-06-30 00:18:06 root:INFO:登陆成功
2020-06-30 00:18:10 root:INFO:签到成功
2020-06-30 00:18:15 root:INFO:获取用户详情成功
2020-06-30 00:18:23 root:INFO:用户:Kaiyio  第1次打卡成功,即将休眠30秒
2020-06-30 00:19:10 root:INFO:用户:Kaiyio  第2次打卡成功,即将休眠30秒
2020-06-30 00:19:51 root:INFO:用户:Kaiyio  第3次打卡成功,即将休眠30秒
2020-06-30 00:20:22 root:INFO:用户:Kaiyio  Server酱推送失败,请检查sckey是否正确
2020-06-30 00:20:22 root:INFO:用户:Kaiyio  今日任务已完成========================================
2020-06-30 11:07:35 root:INFO:配置文件读取完毕
2020-06-30 11:10:04 root:INFO:配置文件读取完毕
2020-06-30 11:10:56 root:INFO:api测试正常
2020-06-30 11:10:56 root:INFO:账号: 15274621068  开始执行========================================
2020-06-30 11:11:27 root:INFO:登陆成功
2020-06-30 11:12:28 root:INFO:重复签到
2020-06-30 11:13:21 root:INFO:获取用户详情成功
2020-06-30 11:14:34 root:INFO:用户:Kaiyio  第1次打卡成功,即将休眠30秒
2020-06-30 11:15:56 root:INFO:用户:Kaiyio  第2次打卡成功,即将休眠30秒
2020-06-30 11:17:05 root:INFO:用户:Kaiyio  第3次打卡成功,即将休眠30秒
2020-06-30 11:17:35 root:INFO:用户:Kaiyio  Server酱推送失败,请检查sckey是否正确
2020-06-30 11:17:35 root:INFO:用户:Kaiyio  今日任务已完成========================================
2020-06-30 11:24:13 root:INFO:配置文件读取完毕
2020-06-30 11:24:26 root:INFO:api测试正常
2020-06-30 11:24:26 root:INFO:账号: 15274621068  开始执行========================================
2020-06-30 11:24:29 root:INFO:登陆成功
2020-06-30 11:24:41 root:INFO:重复签到
2020-06-30 11:24:54 root:INFO:获取用户详情成功
2020-06-30 11:25:07 root:INFO:用户:Kaiyio  第1次打卡成功,即将休眠30秒
2020-06-30 11:25:52 root:INFO:用户:Kaiyio  第2次打卡成功,即将休眠30秒
2020-06-30 11:26:50 root:INFO:用户:Kaiyio  第3次打卡成功,即将休眠30秒
2020-06-30 11:27:20 root:INFO:用户:Kaiyio  Server酱推送成功
2020-06-30 11:27:20 root:INFO:用户:Kaiyio  今日任务已完成========================================
